::1 - - [21/Aug/2019:20:18:13 +0300] "GET /favicon.ico HTTP/1.1" 404 209
::1 - - [21/Aug/2019:20:18:28 +0300] "GET /favicon.ico HTTP/1.1" 404 209
::1 - - [21/Aug/2019:22:21:48 +0300] "GET / HTTP/1.1" 200 287
::1 - - [21/Aug/2019:22:21:51 +0300] "GET /?code=08bfbc1fa3f6441ab0 HTTP/1.1" 200 1365
::1 - - [21/Aug/2019:22:22:48 +0300] "-" 408 -
::1 - - [21/Aug/2019:22:26:27 +0300] "GET / HTTP/1.1" 200 248
::1 - - [21/Aug/2019:22:26:33 +0300] "GET /?code=5614599a5bea3ed098&state=secret_state_code HTTP/1.1" 200 248
::1 - - [21/Aug/2019:22:27:05 +0300] "GET /?code=5614599a5bea3ed098&state=secret_state_code HTTP/1.1" 200 224
::1 - - [21/Aug/2019:22:27:08 +0300] "GET / HTTP/1.1" 200 224
::1 - - [21/Aug/2019:22:27:11 +0300] "GET /?code=8bb854e54c9ff99a35 HTTP/1.1" 200 224
::1 - - [21/Aug/2019:22:28:05 +0300] "-" 408 -
::1 - - [21/Aug/2019:22:29:52 +0300] "GET /?code=8bb854e54c9ff99a35 HTTP/1.1" 200 1166
::1 - - [21/Aug/2019:22:38:55 +0300] "GET /?code=8bb854e54c9ff99a35 HTTP/1.1" 200 1166
::1 - - [21/Aug/2019:22:38:58 +0300] "GET / HTTP/1.1" 200 1166
::1 - - [21/Aug/2019:22:39:01 +0300] "GET / HTTP/1.1" 200 1166
::1 - - [21/Aug/2019:22:39:12 +0300] "GET / HTTP/1.1" 200 1166
::1 - - [21/Aug/2019:22:39:55 +0300] "-" 408 -
::1 - - [21/Aug/2019:22:44:44 +0300] "GET / HTTP/1.1" 200 197
::1 - - [21/Aug/2019:22:44:58 +0300] "GET / HTTP/1.1" 200 197
::1 - - [21/Aug/2019:22:44:59 +0300] "GET / HTTP/1.1" 200 197
::1 - - [21/Aug/2019:22:44:59 +0300] "GET / HTTP/1.1" 200 197
::1 - - [21/Aug/2019:22:44:59 +0300] "GET / HTTP/1.1" 200 197
::1 - - [21/Aug/2019:22:45:00 +0300] "GET / HTTP/1.1" 200 197
::1 - - [21/Aug/2019:22:45:58 +0300] "-" 408 -
::1 - - [21/Aug/2019:22:46:22 +0300] "GET / HTTP/1.1" 200 197
::1 - - [21/Aug/2019:22:46:23 +0300] "GET / HTTP/1.1" 200 197
::1 - - [21/Aug/2019:22:46:23 +0300] "GET / HTTP/1.1" 200 197
::1 - - [21/Aug/2019:22:46:23 +0300] "GET / HTTP/1.1" 200 197
::1 - - [21/Aug/2019:22:46:24 +0300] "GET / HTTP/1.1" 200 197
::1 - - [21/Aug/2019:22:46:24 +0300] "GET / HTTP/1.1" 200 197
::1 - - [21/Aug/2019:22:46:24 +0300] "GET / HTTP/1.1" 200 197
::1 - - [21/Aug/2019:22:46:24 +0300] "GET / HTTP/1.1" 200 197
::1 - - [21/Aug/2019:22:46:24 +0300] "GET / HTTP/1.1" 200 197
::1 - - [21/Aug/2019:22:46:46 +0300] "GET / HTTP/1.1" 200 197
::1 - - [21/Aug/2019:22:46:47 +0300] "GET / HTTP/1.1" 200 197
::1 - - [21/Aug/2019:22:46:47 +0300] "GET / HTTP/1.1" 200 197
::1 - - [21/Aug/2019:22:46:47 +0300] "GET / HTTP/1.1" 200 197
::1 - - [21/Aug/2019:22:46:48 +0300] "GET / HTTP/1.1" 200 197
::1 - - [21/Aug/2019:22:46:48 +0300] "GET / HTTP/1.1" 200 197
::1 - - [21/Aug/2019:22:47:07 +0300] "GET / HTTP/1.1" 200 1166
::1 - - [21/Aug/2019:22:47:20 +0300] "GET / HTTP/1.1" 200 1166
::1 - - [21/Aug/2019:22:49:11 +0300] "GET / HTTP/1.1" 200 1158
::1 - - [21/Aug/2019:22:49:14 +0300] "GET / HTTP/1.1" 200 1158
::1 - - [21/Aug/2019:22:52:21 +0300] "GET / HTTP/1.1" 200 1158
::1 - - [21/Aug/2019:22:52:22 +0300] "GET / HTTP/1.1" 200 1158
::1 - - [21/Aug/2019:22:52:34 +0300] "GET / HTTP/1.1" 200 764
::1 - - [21/Aug/2019:22:53:34 +0300] "-" 408 -
::1 - - [21/Aug/2019:23:03:55 +0300] "GET / HTTP/1.1" 200 764
::1 - - [21/Aug/2019:23:04:22 +0300] "GET / HTTP/1.1" 200 764
::1 - - [21/Aug/2019:23:05:22 +0300] "-" 408 -
::1 - - [21/Aug/2019:23:13:43 +0300] "GET / HTTP/1.1" 200 790
::1 - - [21/Aug/2019:23:14:09 +0300] "GET / HTTP/1.1" 200 985
::1 - - [21/Aug/2019:23:14:10 +0300] "GET / HTTP/1.1" 200 985
::1 - - [21/Aug/2019:23:15:09 +0300] "-" 408 -
::1 - - [21/Aug/2019:23:15:56 +0300] "GET / HTTP/1.1" 200 195
::1 - - [21/Aug/2019:23:16:37 +0300] "GET / HTTP/1.1" 200 224
::1 - - [21/Aug/2019:23:16:42 +0300] "GET /?error=access_denied&error_reason=user_denied&error_description=User+denied+your+request HTTP/1.1" 200 224
::1 - - [21/Aug/2019:23:16:47 +0300] "GET /?code=8ac150ba7d42f79ceb HTTP/1.1" 200 224
::1 - - [21/Aug/2019:23:17:30 +0300] "GET /?code=8ac150ba7d42f79ceb HTTP/1.1" 200 228
::1 - - [21/Aug/2019:23:17:33 +0300] "GET /?code=9f89e5138b251850b8 HTTP/1.1" 200 228
::1 - - [21/Aug/2019:23:18:07 +0300] "GET /?code=9f89e5138b251850b8 HTTP/1.1" 200 242
::1 - - [21/Aug/2019:23:18:10 +0300] "GET /?code=0367e223c3290ba4e9 HTTP/1.1" 200 242
::1 - - [21/Aug/2019:23:18:37 +0300] "GET /?code=0367e223c3290ba4e9 HTTP/1.1" 200 394
::1 - - [21/Aug/2019:23:18:42 +0300] "GET /?code=440994748bf96ac6e7 HTTP/1.1" 200 394
::1 - - [21/Aug/2019:23:18:44 +0300] "GET /?code=baa04614fa046f6e7e HTTP/1.1" 200 394
::1 - - [21/Aug/2019:23:18:46 +0300] "GET /?code=e00084a15cff2dbe65 HTTP/1.1" 200 394
::1 - - [21/Aug/2019:23:18:47 +0300] "GET /?code=9d2d176549f37e5c1b HTTP/1.1" 200 394
::1 - - [21/Aug/2019:23:19:18 +0300] "GET /?code=9d2d176549f37e5c1b HTTP/1.1" 200 1002
::1 - - [21/Aug/2019:23:19:20 +0300] "GET /?code=44dc763044b9128064 HTTP/1.1" 200 309
::1 - - [21/Aug/2019:23:19:23 +0300] "GET /?code=44dc763044b9128064 HTTP/1.1" 200 1002
::1 - - [21/Aug/2019:23:19:25 +0300] "GET /?code=d23917df1577261dab HTTP/1.1" 200 309
::1 - - [21/Aug/2019:23:19:26 +0300] "GET /?code=58e69523aad85e3b0f HTTP/1.1" 200 309
::1 - - [21/Aug/2019:23:19:27 +0300] "GET /?code=ced68086580c268a90 HTTP/1.1" 200 309
::1 - - [21/Aug/2019:23:19:28 +0300] "GET /?code=8e55a27eb67a0cc035 HTTP/1.1" 200 309
::1 - - [21/Aug/2019:23:20:40 +0300] "GET /?code=62a04826d575ab991f HTTP/1.1" 200 508
::1 - - [21/Aug/2019:23:21:59 +0300] "GET /?code=4d1baae844e99855b8 HTTP/1.1" 200 543
::1 - - [21/Aug/2019:23:22:14 +0300] "GET /?code=bbcb64b060899a09c1 HTTP/1.1" 200 445
::1 - - [21/Aug/2019:23:22:34 +0300] "GET /?code=bbb77f3dd75e0a55a0 HTTP/1.1" 200 445
::1 - - [21/Aug/2019:23:22:36 +0300] "GET /?code=671c5eae06083770aa HTTP/1.1" 200 445
::1 - - [21/Aug/2019:23:22:37 +0300] "GET /?code=d803d9602b3d2d602d HTTP/1.1" 200 445
::1 - - [21/Aug/2019:23:23:01 +0300] "GET / HTTP/1.1" 200 870
::1 - - [21/Aug/2019:23:23:05 +0300] "GET /?code=df18a1aa11313b8408 HTTP/1.1" 200 445
::1 - - [21/Aug/2019:23:23:09 +0300] "GET / HTTP/1.1" 200 870
::1 - - [21/Aug/2019:23:23:11 +0300] "GET /?code=022f7d571e0c8af268 HTTP/1.1" 200 445
::1 - - [21/Aug/2019:23:23:32 +0300] "GET /?code=6ddd945d6108b78ede HTTP/1.1" 200 445
::1 - - [21/Aug/2019:23:23:36 +0300] "GET / HTTP/1.1" 200 870
::1 - - [21/Aug/2019:23:23:38 +0300] "GET / HTTP/1.1" 200 870
::1 - - [21/Aug/2019:23:23:39 +0300] "GET /?code=934981c18c058723c9 HTTP/1.1" 200 445
::1 - - [21/Aug/2019:23:23:53 +0300] "GET /?code=934981c18c058723c9 HTTP/1.1" 200 778
::1 - - [21/Aug/2019:23:24:53 +0300] "-" 408 -
::1 - - [21/Aug/2019:23:26:17 +0300] "GET /?code=934981c18c058723c9 HTTP/1.1" 200 1002
::1 - - [21/Aug/2019:23:26:19 +0300] "GET /?code=8a994f7a4e726ea91a HTTP/1.1" 200 445
::1 - - [21/Aug/2019:23:26:24 +0300] "GET / HTTP/1.1" 200 224
::1 - - [21/Aug/2019:23:26:28 +0300] "GET / HTTP/1.1" 200 224
::1 - - [21/Aug/2019:23:26:31 +0300] "GET /?code=e0df9fdbc2fa0b7fea HTTP/1.1" 200 445
::1 - - [21/Aug/2019:23:28:28 +0300] "GET /?code=e0df9fdbc2fa0b7fea HTTP/1.1" 200 778
::1 - - [21/Aug/2019:23:28:34 +0300] "GET / HTTP/1.1" 200 224
::1 - - [21/Aug/2019:23:28:36 +0300] "GET /?code=d09b5696fb09afcebc HTTP/1.1" 200 445
::1 - - [21/Aug/2019:23:29:34 +0300] "-" 408 -
::1 - - [21/Aug/2019:23:43:05 +0300] "GET /?code=d09b5696fb09afcebc HTTP/1.1" 200 778
::1 - - [21/Aug/2019:23:43:08 +0300] "GET / HTTP/1.1" 200 224
::1 - - [21/Aug/2019:23:43:10 +0300] "GET /?code=284631f2cab7f805d0 HTTP/1.1" 200 475
::1 - - [21/Aug/2019:23:48:30 +0300] "GET /?code=284631f2cab7f805d0 HTTP/1.1" 200 778
::1 - - [21/Aug/2019:23:48:35 +0300] "GET / HTTP/1.1" 200 224
::1 - - [21/Aug/2019:23:48:36 +0300] "GET /?code=7be981f5a76b5a2959 HTTP/1.1" 200 475
::1 - - [21/Aug/2019:23:51:37 +0300] "GET /?code=7be981f5a76b5a2959 HTTP/1.1" 200 778
::1 - - [21/Aug/2019:23:51:40 +0300] "GET / HTTP/1.1" 200 224
::1 - - [21/Aug/2019:23:51:44 +0300] "GET /?code=451e79020ec0bb9141 HTTP/1.1" 200 475
::1 - - [21/Aug/2019:23:52:58 +0300] "GET /?code=451e79020ec0bb9141 HTTP/1.1" 200 778
::1 - - [21/Aug/2019:23:53:02 +0300] "GET / HTTP/1.1" 200 224
::1 - - [21/Aug/2019:23:53:07 +0300] "GET / HTTP/1.1" 200 224
::1 - - [21/Aug/2019:23:53:08 +0300] "GET /?code=8172240947da8ca5df HTTP/1.1" 200 475
::1 - - [21/Aug/2019:23:56:12 +0300] "GET /?code=8172240947da8ca5df HTTP/1.1" 200 778
::1 - - [21/Aug/2019:23:56:16 +0300] "GET / HTTP/1.1" 200 224
::1 - - [21/Aug/2019:23:56:17 +0300] "GET /?code=1b980626d65531a5f2 HTTP/1.1" 200 703
::1 - - [22/Aug/2019:00:02:44 +0300] "GET / HTTP/1.1" 200 224
::1 - - [22/Aug/2019:00:02:45 +0300] "GET /?code=f28b133cea8ac711f3 HTTP/1.1" 200 703
::1 - - [22/Aug/2019:00:05:17 +0300] "GET / HTTP/1.1" 200 224
::1 - - [22/Aug/2019:00:05:19 +0300] "GET /?code=ebce2c29bc1b4c937b HTTP/1.1" 200 5290
::1 - - [22/Aug/2019:00:06:39 +0300] "GET /?code=ebce2c29bc1b4c937b HTTP/1.1" 200 778
::1 - - [22/Aug/2019:00:06:45 +0300] "GET / HTTP/1.1" 200 224
::1 - - [22/Aug/2019:00:06:47 +0300] "GET /?code=63da8155b318ca8279 HTTP/1.1" 200 732
::1 - - [22/Aug/2019:00:08:59 +0300] "GET /?code=63da8155b318ca8279 HTTP/1.1" 200 121
::1 - - [22/Aug/2019:00:10:05 +0300] "GET / HTTP/1.1" 200 121
::1 - - [22/Aug/2019:00:10:22 +0300] "GET / HTTP/1.1" 200 224
::1 - - [22/Aug/2019:00:10:23 +0300] "GET /?code=8c43ee7f9d8d908a1d HTTP/1.1" 200 732
::1 - - [22/Aug/2019:00:11:01 +0300] "GET // HTTP/1.1" 200 224
::1 - - [22/Aug/2019:00:11:03 +0300] "GET / HTTP/1.1" 200 224
::1 - - [22/Aug/2019:00:11:04 +0300] "GET /?code=efbb8d271593e5ea8a HTTP/1.1" 200 732
::1 - - [22/Aug/2019:00:14:07 +0300] "GET /?code=efbb8d271593e5ea8a HTTP/1.1" 200 778
::1 - - [22/Aug/2019:00:14:10 +0300] "GET / HTTP/1.1" 200 224
::1 - - [22/Aug/2019:00:14:12 +0300] "GET /?code=5762ff1866d89c68d3 HTTP/1.1" 200 732
::1 - - [22/Aug/2019:00:14:41 +0300] "GET /?code=5762ff1866d89c68d3 HTTP/1.1" 200 778
::1 - - [22/Aug/2019:00:14:46 +0300] "GET / HTTP/1.1" 200 224
::1 - - [22/Aug/2019:00:14:47 +0300] "GET /?code=48b62816d6294ac2a3 HTTP/1.1" 200 627
::1 - - [22/Aug/2019:00:16:22 +0300] "GET /?code=48b62816d6294ac2a3 HTTP/1.1" 200 778
::1 - - [22/Aug/2019:00:16:26 +0300] "GET / HTTP/1.1" 200 224
::1 - - [22/Aug/2019:00:16:27 +0300] "GET /?code=dfe2171dad82da816c HTTP/1.1" 200 965
::1 - - [22/Aug/2019:00:20:13 +0300] "GET / HTTP/1.1" 200 224
::1 - - [22/Aug/2019:00:20:15 +0300] "GET /?code=ec8d8711a7beeba8ce HTTP/1.1" 200 5528
::1 - - [22/Aug/2019:00:22:07 +0300] "GET /?code=9b7bc1da070be3f3d6 HTTP/1.1" 200 959
::1 - - [22/Aug/2019:00:22:13 +0300] "GET // HTTP/1.1" 200 224
::1 - - [22/Aug/2019:00:22:14 +0300] "GET / HTTP/1.1" 200 224
::1 - - [22/Aug/2019:00:22:15 +0300] "GET /?code=8747968db7e7993d63 HTTP/1.1" 200 959
::1 - - [22/Aug/2019:00:22:29 +0300] "GET /?code=8747968db7e7993d63 HTTP/1.1" 200 778
::1 - - [22/Aug/2019:00:22:32 +0300] "GET /?code=cdd5db89804f0a09f5 HTTP/1.1" 200 959
::1 - - [22/Aug/2019:00:23:26 +0300] "GET /?code=cdd5db89804f0a09f5 HTTP/1.1" 200 778
::1 - - [22/Aug/2019:00:23:29 +0300] "GET /?code=274592eb6a0c536ebe HTTP/1.1" 200 751
::1 - - [22/Aug/2019:00:23:54 +0300] "GET /?code=4088e3b7caac363715 HTTP/1.1" 200 960
::1 - - [22/Aug/2019:00:27:34 +0300] "GET /?code=dcefa51f49bc2df629 HTTP/1.1" 200 5528
::1 - - [22/Aug/2019:00:31:09 +0300] "GET /?code=6496632d5221d72676 HTTP/1.1" 200 804
::1 - - [22/Aug/2019:00:35:21 +0300] "GET /?code=9a5ff8761fa1a63ae9 HTTP/1.1" 200 804
::1 - - [22/Aug/2019:00:35:24 +0300] "GET /?code=40474817b5a7ecb3bc HTTP/1.1" 200 804
::1 - - [22/Aug/2019:00:35:26 +0300] "GET /?code=a86138dbd8c6839545 HTTP/1.1" 200 804
::1 - - [22/Aug/2019:00:35:42 +0300] "GET /?code=8acb4afe17e374b735 HTTP/1.1" 200 77059
::1 - - [22/Aug/2019:00:36:09 +0300] "GET /?code=8acb4afe17e374b735 HTTP/1.1" 200 778
::1 - - [22/Aug/2019:00:36:11 +0300] "GET /?code=ad6dd2d2c613ab70e5 HTTP/1.1" 200 1236
::1 - - [22/Aug/2019:00:38:04 +0300] "GET /?code=97a336bebed5e3f5fc HTTP/1.1" 200 1197
::1 - - [22/Aug/2019:00:45:47 +0300] "GET / HTTP/1.1" 200 373
::1 - - [22/Aug/2019:00:46:06 +0300] "GET / HTTP/1.1" 200 374
::1 - - [22/Aug/2019:00:46:21 +0300] "GET / HTTP/1.1" 200 380
::1 - - [22/Aug/2019:00:47:06 +0300] "GET / HTTP/1.1" 200 379
::1 - - [22/Aug/2019:00:48:10 +0300] "GET / HTTP/1.1" 200 380
::1 - - [22/Aug/2019:00:48:13 +0300] "GET / HTTP/1.1" 304 -
::1 - - [22/Aug/2019:00:48:35 +0300] "GET / HTTP/1.1" 200 412
::1 - - [22/Aug/2019:00:48:36 +0300] "GET / HTTP/1.1" 304 -
::1 - - [22/Aug/2019:00:48:36 +0300] "GET / HTTP/1.1" 304 -
::1 - - [22/Aug/2019:00:48:36 +0300] "GET / HTTP/1.1" 304 -
::1 - - [22/Aug/2019:00:48:36 +0300] "GET / HTTP/1.1" 304 -
::1 - - [22/Aug/2019:00:49:03 +0300] "GET / HTTP/1.1" 200 413
::1 - - [22/Aug/2019:00:49:19 +0300] "GET / HTTP/1.1" 200 413
::1 - - [22/Aug/2019:00:50:39 +0300] "GET / HTTP/1.1" 200 411
::1 - - [22/Aug/2019:00:50:40 +0300] "GET / HTTP/1.1" 304 -
::1 - - [22/Aug/2019:00:50:40 +0300] "GET / HTTP/1.1" 304 -
::1 - - [22/Aug/2019:00:50:40 +0300] "GET / HTTP/1.1" 304 -
::1 - - [22/Aug/2019:00:50:40 +0300] "GET / HTTP/1.1" 304 -
::1 - - [22/Aug/2019:10:18:36 +0300] "GET /favicon.ico HTTP/1.1" 404 209
::1 - - [22/Aug/2019:10:18:38 +0300] "GET /favicon.ico HTTP/1.1" 404 209
::1 - - [22/Aug/2019:10:42:54 +0300] "GET / HTTP/1.1" 200 143
::1 - - [22/Aug/2019:10:43:39 +0300] "GET /.%20$browser_url%20. HTTP/1.1" 404 214
::1 - - [22/Aug/2019:10:43:44 +0300] "GET /.%20$browser_url%20. HTTP/1.1" 404 214
::1 - - [22/Aug/2019:10:44:05 +0300] "GET /.%20$browser_url%20. HTTP/1.1" 404 214
::1 - - [22/Aug/2019:10:44:16 +0300] "GET / HTTP/1.1" 200 117
::1 - - [22/Aug/2019:10:44:17 +0300] "GET / HTTP/1.1" 200 117
::1 - - [22/Aug/2019:10:44:19 +0300] "GET / HTTP/1.1" 200 117
::1 - - [22/Aug/2019:10:44:20 +0300] "GET / HTTP/1.1" 200 117
::1 - - [22/Aug/2019:10:44:20 +0300] "GET / HTTP/1.1" 200 117
::1 - - [22/Aug/2019:10:44:21 +0300] "GET / HTTP/1.1" 200 117
::1 - - [22/Aug/2019:10:44:21 +0300] "GET / HTTP/1.1" 200 117
::1 - - [22/Aug/2019:10:44:21 +0300] "GET / HTTP/1.1" 200 117
::1 - - [22/Aug/2019:10:44:21 +0300] "GET / HTTP/1.1" 200 117
::1 - - [22/Aug/2019:10:44:21 +0300] "GET / HTTP/1.1" 200 117
::1 - - [22/Aug/2019:10:44:21 +0300] "GET / HTTP/1.1" 200 117
::1 - - [22/Aug/2019:10:45:09 +0300] "GET / HTTP/1.1" 200 135
::1 - - [22/Aug/2019:10:45:09 +0300] "GET /.%3C?%20$browser_url%20?%3E. HTTP/1.1" 403 214
::1 - - [22/Aug/2019:10:45:34 +0300] "GET /.%3C?%20$browser_url%20?%3E. HTTP/1.1" 403 214
::1 - - [22/Aug/2019:10:45:35 +0300] "GET / HTTP/1.1" 200 128
::1 - - [22/Aug/2019:10:45:36 +0300] "GET /.%3C?%20$browser_url%20?%3E. HTTP/1.1" 403 214
::1 - - [22/Aug/2019:10:45:50 +0300] "GET /.%3C?%20$browser_url%20?%3E. HTTP/1.1" 403 214
::1 - - [22/Aug/2019:10:45:52 +0300] "GET / HTTP/1.1" 200 126
::1 - - [22/Aug/2019:10:45:52 +0300] "GET /%3C?%20$browser_url%20?%3E HTTP/1.1" 403 213
::1 - - [22/Aug/2019:10:46:03 +0300] "GET / HTTP/1.1" 200 124
::1 - - [22/Aug/2019:10:46:04 +0300] "GET /%3C? HTTP/1.1" 403 213
::1 - - [22/Aug/2019:10:46:34 +0300] "GET /%3C? HTTP/1.1" 403 213
::1 - - [22/Aug/2019:10:46:35 +0300] "GET / HTTP/1.1" 200 124
::1 - - [22/Aug/2019:10:46:36 +0300] "GET /%3C? HTTP/1.1" 403 213
::1 - - [22/Aug/2019:10:46:37 +0300] "GET / HTTP/1.1" 200 124
::1 - - [22/Aug/2019:10:46:40 +0300] "GET /%3C? HTTP/1.1" 403 213
::1 - - [22/Aug/2019:10:47:01 +0300] "GET / HTTP/1.1" 200 126
::1 - - [22/Aug/2019:10:47:02 +0300] "GET /%3C?%20$browser_url%20?%3E HTTP/1.1" 403 213
::1 - - [22/Aug/2019:10:47:21 +0300] "GET / HTTP/1.1" 200 117
::1 - - [22/Aug/2019:10:47:22 +0300] "GET /$browser_url HTTP/1.1" 404 210
::1 - - [22/Aug/2019:10:48:42 +0300] "GET /$browser_url HTTP/1.1" 404 210
::1 - - [22/Aug/2019:10:48:43 +0300] "GET / HTTP/1.1" 200 255
::1 - - [22/Aug/2019:10:48:45 +0300] "GET /?code=8982924ee27fc726e6 HTTP/1.1" 200 1228
::1 - - [22/Aug/2019:10:51:04 +0300] "GET / HTTP/1.1" 200 266
::1 - - [22/Aug/2019:10:51:05 +0300] "GET /?code=7cc54105a5b844d346 HTTP/1.1" 200 1234
::1 - - [22/Aug/2019:10:54:04 +0300] "GET / HTTP/1.1" 200 266
::1 - - [22/Aug/2019:10:54:05 +0300] "GET /?code=79dfdd5ff68ee09191 HTTP/1.1" 200 1464
::1 - - [22/Aug/2019:10:54:26 +0300] "GET /?code=79dfdd5ff68ee09191 HTTP/1.1" 200 783
::1 - - [22/Aug/2019:10:54:28 +0300] "GET / HTTP/1.1" 200 266
::1 - - [22/Aug/2019:10:54:29 +0300] "GET /?code=3b640587863728865a HTTP/1.1" 200 1330
::1 - - [22/Aug/2019:10:56:20 +0300] "GET / HTTP/1.1" 200 266
::1 - - [22/Aug/2019:10:56:21 +0300] "GET /?code=19c0bf165596110425 HTTP/1.1" 200 1355
::1 - - [22/Aug/2019:10:57:41 +0300] "GET / HTTP/1.1" 200 266
::1 - - [22/Aug/2019:10:57:41 +0300] "GET /?code=7c7282bdeaf9cdab3d HTTP/1.1" 200 1392
::1 - - [22/Aug/2019:10:57:42 +0300] "GET /width=%22200%22 HTTP/1.1" 403 230
::1 - - [22/Aug/2019:10:58:03 +0300] "GET /?code=7c7282bdeaf9cdab3d HTTP/1.1" 200 783
::1 - - [22/Aug/2019:10:58:04 +0300] "GET / HTTP/1.1" 200 266
::1 - - [22/Aug/2019:10:58:05 +0300] "GET /?code=bd8a3e430db51a3e9d HTTP/1.1" 200 1364
::1 - - [22/Aug/2019:10:58:32 +0300] "GET /?code=0cc5e1ccc95d05003a HTTP/1.1" 200 1340
::1 - - [22/Aug/2019:11:00:53 +0300] "GET / HTTP/1.1" 200 266
::1 - - [22/Aug/2019:11:00:55 +0300] "GET /?code=7769286a1249c87812 HTTP/1.1" 200 1366
::1 - - [22/Aug/2019:11:03:13 +0300] "GET /?code=8319a49770a96b5cd7 HTTP/1.1" 200 1395
::1 - - [22/Aug/2019:11:03:33 +0300] "GET /?code=4e6c7c0ee1f663c8d1 HTTP/1.1" 200 1396
::1 - - [22/Aug/2019:11:05:28 +0300] "GET / HTTP/1.1" 200 266
::1 - - [22/Aug/2019:11:05:29 +0300] "GET /?code=a63584ab93d46ecad8 HTTP/1.1" 200 1567
::1 - - [22/Aug/2019:11:05:57 +0300] "GET /?code=929fa5506460978cb4 HTTP/1.1" 200 1453
::1 - - [22/Aug/2019:11:14:51 +0300] "GET /?code=f0c13f60733331ef03 HTTP/1.1" 200 1527
::1 - - [22/Aug/2019:11:14:54 +0300] "GET /vk.com/ HTTP/1.1" 404 205
::1 - - [22/Aug/2019:11:15:21 +0300] "GET /?code=22c2fbf2e09f4bfc84 HTTP/1.1" 200 1516
::1 - - [22/Aug/2019:11:15:41 +0300] "GET /?code=acc40ffa3da3a1d9b7 HTTP/1.1" 200 1516
::1 - - [22/Aug/2019:11:15:44 +0300] "GET /vk.com/ HTTP/1.1" 404 205
::1 - - [22/Aug/2019:11:17:00 +0300] "GET /?code=e6455b94e69f1ddf89 HTTP/1.1" 200 1517
::1 - - [22/Aug/2019:11:18:13 +0300] "GET / HTTP/1.1" 200 161
::1 - - [22/Aug/2019:11:18:57 +0300] "GET / HTTP/1.1" 200 154
::1 - - [22/Aug/2019:11:19:21 +0300] "GET / HTTP/1.1" 200 154
::1 - - [22/Aug/2019:11:20:54 +0300] "GET / HTTP/1.1" 200 266
::1 - - [22/Aug/2019:11:20:55 +0300] "GET /?code=8782d25e237e297d34 HTTP/1.1" 200 1536
::1 - - [22/Aug/2019:11:32:14 +0300] "GET /?code=6b3e0eed63d56deb36 HTTP/1.1" 200 1535
::1 - - [22/Aug/2019:11:42:28 +0300] "GET /?code=fd1d6e88b81628b596 HTTP/1.1" 200 154
::1 - - [22/Aug/2019:11:42:57 +0300] "GET / HTTP/1.1" 200 154
::1 - - [22/Aug/2019:11:42:58 +0300] "GET / HTTP/1.1" 200 154
::1 - - [22/Aug/2019:11:42:59 +0300] "GET / HTTP/1.1" 200 154
::1 - - [22/Aug/2019:11:42:59 +0300] "GET / HTTP/1.1" 200 154
::1 - - [22/Aug/2019:11:42:59 +0300] "GET / HTTP/1.1" 200 154
::1 - - [22/Aug/2019:11:45:39 +0300] "GET / HTTP/1.1" 200 184
::1 - - [22/Aug/2019:11:46:26 +0300] "GET / HTTP/1.1" 200 239
::1 - - [22/Aug/2019:11:46:28 +0300] "GET /?code=53a1cfd402cf488ded HTTP/1.1" 200 898
::1 - - [22/Aug/2019:11:46:32 +0300] "GET / HTTP/1.1" 200 239
::1 - - [22/Aug/2019:11:46:33 +0300] "GET /?code=4d8ffb7e3078371057 HTTP/1.1" 200 1503
::1 - - [22/Aug/2019:11:48:55 +0300] "GET /?code=bf4f4c5c370aa87675 HTTP/1.1" 200 1656
::1 - - [22/Aug/2019:11:49:24 +0300] "GET /?code=1849db121cfc430cc8 HTTP/1.1" 200 1831
::1 - - [22/Aug/2019:11:53:34 +0300] "GET /?code=114ea12500e6661cfe HTTP/1.1" 200 2757
::1 - - [22/Aug/2019:11:53:35 +0300] "GET /alt= HTTP/1.1" 404 202
::1 - - [22/Aug/2019:11:55:00 +0300] "GET /?code=ae9b2540a66af899e0 HTTP/1.1" 200 2037
::1 - - [22/Aug/2019:11:55:41 +0300] "GET /?code=354ab3c1937d16c5d0 HTTP/1.1" 200 1720
::1 - - [22/Aug/2019:12:13:24 +0300] "GET /?code=c53fb8375c3997c3c4 HTTP/1.1" 200 1890
::1 - - [22/Aug/2019:12:14:18 +0300] "GET /?code=bfbaaa4e5e747dfe07 HTTP/1.1" 200 1890
::1 - - [22/Aug/2019:12:14:58 +0300] "GET /?code=0e9fcead1bf8efc3f7 HTTP/1.1" 200 1745
::1 - - [22/Aug/2019:12:16:26 +0300] "GET /?code=4aac746d2074657fec HTTP/1.1" 200 1685
::1 - - [22/Aug/2019:12:20:18 +0300] "GET /?code=e2f0d6fd9ba9898545 HTTP/1.1" 200 1735
::1 - - [22/Aug/2019:12:23:27 +0300] "GET /?code=e984c3fba9ae2a88b1 HTTP/1.1" 200 1761
::1 - - [22/Aug/2019:12:25:50 +0300] "GET / HTTP/1.1" 200 228
::1 - - [22/Aug/2019:12:25:52 +0300] "GET /?code=571eef292af8729196 HTTP/1.1" 200 1821
::1 - - [22/Aug/2019:12:26:41 +0300] "GET /?code=2793b808f317ae4d60 HTTP/1.1" 200 1830
::1 - - [22/Aug/2019:14:28:16 +0300] "GET / HTTP/1.1" 200 228
::1 - - [22/Aug/2019:14:28:18 +0300] "GET /?code=ed8ccf7f11aad9e353 HTTP/1.1" 200 1711
::1 - - [22/Aug/2019:14:34:06 +0300] "GET /?code=61db7a9b93ca37f2be HTTP/1.1" 200 1648
::1 - - [22/Aug/2019:14:39:10 +0300] "GET /?code=1958dee9fac7b9f621 HTTP/1.1" 200 1811
::1 - - [22/Aug/2019:14:39:36 +0300] "GET /?code=c0274ab45d5671b769 HTTP/1.1" 200 1807
::1 - - [22/Aug/2019:14:49:14 +0300] "GET /?code=75e8add329c7901e2f HTTP/1.1" 200 1999
::1 - - [22/Aug/2019:14:49:53 +0300] "GET /?code=3f91d69e052bf94628 HTTP/1.1" 200 1985
::1 - - [22/Aug/2019:14:50:21 +0300] "GET /?code=b18fd3a8bbd3433e51 HTTP/1.1" 200 1985
::1 - - [22/Aug/2019:14:50:58 +0300] "GET /?code=2f10037cd2c28a1c9d HTTP/1.1" 200 1909
::1 - - [22/Aug/2019:14:51:20 +0300] "GET /?code=d6053f029fbe5becfe HTTP/1.1" 200 1906
::1 - - [22/Aug/2019:14:51:42 +0300] "GET /?code=a9c341bc01071626e5 HTTP/1.1" 200 1910
::1 - - [22/Aug/2019:15:07:18 +0300] "GET /favicon.ico HTTP/1.1" 404 209
::1 - - [22/Aug/2019:15:08:10 +0300] "GET /favicon.ico HTTP/1.1" 404 209
::1 - - [22/Aug/2019:15:11:05 +0300] "GET /favicon.ico HTTP/1.1" 404 209
::1 - - [22/Aug/2019:15:11:30 +0300] "GET /favicon.ico HTTP/1.1" 404 209
::1 - - [22/Aug/2019:15:16:29 +0300] "GET /?code=a9c341bc01071626e5 HTTP/1.1" 200 780
::1 - - [22/Aug/2019:15:16:46 +0300] "GET / HTTP/1.1" 200 234
::1 - - [22/Aug/2019:15:16:49 +0300] "GET /?code=6a33373031832fb634 HTTP/1.1" 200 1662
::1 - - [22/Aug/2019:15:16:52 +0300] "GET /?code=6a33373031832fb634 HTTP/1.1" 200 780
::1 - - [22/Aug/2019:15:16:55 +0300] "GET / HTTP/1.1" 200 234
::1 - - [22/Aug/2019:15:16:56 +0300] "GET /?code=98a9ea82525a6bc2ee HTTP/1.1" 200 1671
::1 - - [22/Aug/2019:15:17:27 +0300] "GET /?code=98a9ea82525a6bc2ee HTTP/1.1" 200 780
::1 - - [22/Aug/2019:23:48:53 +0300] "GET /favicon.ico HTTP/1.1" 404 209
::1 - - [23/Aug/2019:12:03:21 +0300] "GET /favicon.ico HTTP/1.1" 404 209
::1 - - [23/Aug/2019:12:23:04 +0300] "GET / HTTP/1.1" 200 234
::1 - - [23/Aug/2019:12:23:05 +0300] "GET /favicon.ico HTTP/1.1" 404 209
::1 - - [23/Aug/2019:12:23:09 +0300] "GET /?code=303ea86a796059cef1 HTTP/1.1" 200 1678
::1 - - [23/Aug/2019:12:23:17 +0300] "GET /?code=303ea86a796059cef1 HTTP/1.1" 200 780
::1 - - [23/Aug/2019:12:23:21 +0300] "GET / HTTP/1.1" 200 234
::1 - - [23/Aug/2019:12:23:22 +0300] "GET /?code=cd6dfadb8a3a23578a HTTP/1.1" 200 1678
::1 - - [23/Aug/2019:12:23:25 +0300] "GET /?code=cd6dfadb8a3a23578a HTTP/1.1" 200 780
::1 - - [23/Aug/2019:12:26:06 +0300] "GET /?code=cd6dfadb8a3a23578a HTTP/1.1" 200 334
::1 - - [23/Aug/2019:12:26:07 +0300] "GET /?code=cd6dfadb8a3a23578a HTTP/1.1" 200 334
::1 - - [23/Aug/2019:12:26:08 +0300] "GET / HTTP/1.1" 200 234
::1 - - [23/Aug/2019:12:26:09 +0300] "GET /?code=b919aeae261c24576c HTTP/1.1" 200 334
::1 - - [23/Aug/2019:12:26:27 +0300] "GET / HTTP/1.1" 200 234
::1 - - [23/Aug/2019:12:26:28 +0300] "GET /?code=4662c7baf551869869 HTTP/1.1" 200 333
::1 - - [23/Aug/2019:12:26:30 +0300] "GET /?code=4662c7baf551869869 HTTP/1.1" 200 333
::1 - - [23/Aug/2019:12:27:50 +0300] "GET /?code=4662c7baf551869869 HTTP/1.1" 200 1650
::1 - - [23/Aug/2019:12:27:51 +0300] "GET / HTTP/1.1" 200 234
::1 - - [23/Aug/2019:12:27:52 +0300] "GET /?code=4d460c09b9a6825bac HTTP/1.1" 200 1650
::1 - - [23/Aug/2019:12:27:56 +0300] "GET /?code=4d460c09b9a6825bac HTTP/1.1" 200 780
::1 - - [23/Aug/2019:12:27:57 +0300] "GET /?code=4d460c09b9a6825bac HTTP/1.1" 200 780
::1 - - [23/Aug/2019:12:27:58 +0300] "GET /?code=4d460c09b9a6825bac HTTP/1.1" 200 780
::1 - - [23/Aug/2019:12:27:59 +0300] "GET /?code=4d460c09b9a6825bac HTTP/1.1" 200 780
::1 - - [23/Aug/2019:12:28:00 +0300] "GET /?code=4d460c09b9a6825bac HTTP/1.1" 200 780
::1 - - [23/Aug/2019:12:29:02 +0300] "GET /?code=4d460c09b9a6825bac HTTP/1.1" 200 780
::1 - - [23/Aug/2019:12:29:05 +0300] "GET / HTTP/1.1" 200 252
::1 - - [23/Aug/2019:12:29:09 +0300] "GET / HTTP/1.1" 200 252
::1 - - [23/Aug/2019:12:29:11 +0300] "GET / HTTP/1.1" 200 252
::1 - - [23/Aug/2019:12:29:12 +0300] "GET / HTTP/1.1" 200 252
::1 - - [23/Aug/2019:12:29:12 +0300] "GET / HTTP/1.1" 200 252
::1 - - [23/Aug/2019:12:29:13 +0300] "GET /?code=4be89a125431267fe0 HTTP/1.1" 200 1650
::1 - - [23/Aug/2019:12:29:22 +0300] "GET /?code=4be89a125431267fe0 HTTP/1.1" 200 780
::1 - - [23/Aug/2019:13:32:31 +0300] "GET /?code=4be89a125431267fe0 HTTP/1.1" 200 780
::1 - - [23/Aug/2019:13:32:32 +0300] "GET / HTTP/1.1" 200 234
::1 - - [23/Aug/2019:13:32:33 +0300] "GET /?code=aef508705ec48615e2 HTTP/1.1" 200 1678
